<?xml version="1.0" encoding="UTF-8"?>
<testsuite name="com.main.RunnerTest" tests="1" skipped="0" failures="1" errors="0" timestamp="2022-03-01T08:07:33" hostname="TULIMOV" time="17.803">
  <properties/>
  <testcase name="check" classname="com.main.RunnerTest" time="17.803">
    <failure message="junit.framework.ComparisonFailure: Значения не совпадают: 2065.7529 - c сайта, 153.2706 - с byBit expected:&lt;[153.2706]&gt; but was:&lt;[2065.7529]&gt;" type="junit.framework.ComparisonFailure">junit.framework.ComparisonFailure: Значения не совпадают: 2065.7529 - c сайта, 153.2706 - с byBit expected:&lt;[153.2706]&gt; but was:&lt;[2065.7529]&gt;
	at junit.framework.Assert.assertEquals(Assert.java:100)
	at com.main.RunnerTest.check(RunnerTest.kt:75)
	at java.base/jdk.internal.reflect.NativeMethodAccessorImpl.invoke0(Native Method)
	at java.base/jdk.internal.reflect.NativeMethodAccessorImpl.invoke(NativeMethodAccessorImpl.java:64)
	at java.base/jdk.internal.reflect.DelegatingMethodAccessorImpl.invoke(DelegatingMethodAccessorImpl.java:43)
	at java.base/java.lang.reflect.Method.invoke(Method.java:564)
	at org.junit.runners.model.FrameworkMethod$1.runReflectiveCall(FrameworkMethod.java:59)
	at org.junit.internal.runners.model.ReflectiveCallable.run(ReflectiveCallable.java:12)
	at org.junit.runners.model.FrameworkMethod.invokeExplosively(FrameworkMethod.java:56)
	at org.junit.internal.runners.statements.InvokeMethod.evaluate(InvokeMethod.java:17)
	at org.junit.internal.runners.statements.RunBefores.evaluate(RunBefores.java:26)
	at org.junit.internal.runners.statements.RunAfters.evaluate(RunAfters.java:27)
	at org.junit.runners.ParentRunner$3.evaluate(ParentRunner.java:306)
	at org.junit.runners.BlockJUnit4ClassRunner$1.evaluate(BlockJUnit4ClassRunner.java:100)
	at org.junit.runners.ParentRunner.runLeaf(ParentRunner.java:366)
	at org.junit.runners.BlockJUnit4ClassRunner.runChild(BlockJUnit4ClassRunner.java:103)
	at org.junit.runners.BlockJUnit4ClassRunner.runChild(BlockJUnit4ClassRunner.java:63)
	at org.junit.runners.ParentRunner$4.run(ParentRunner.java:331)
	at org.junit.runners.ParentRunner$1.schedule(ParentRunner.java:79)
	at org.junit.runners.ParentRunner.runChildren(ParentRunner.java:329)
	at org.junit.runners.ParentRunner.access$100(ParentRunner.java:66)
	at org.junit.runners.ParentRunner$2.evaluate(ParentRunner.java:293)
	at org.junit.runners.ParentRunner$3.evaluate(ParentRunner.java:306)
	at org.junit.runners.ParentRunner.run(ParentRunner.java:413)
	at org.gradle.api.internal.tasks.testing.junit.JUnitTestClassExecutor.runTestClass(JUnitTestClassExecutor.java:110)
	at org.gradle.api.internal.tasks.testing.junit.JUnitTestClassExecutor.execute(JUnitTestClassExecutor.java:58)
	at org.gradle.api.internal.tasks.testing.junit.JUnitTestClassExecutor.execute(JUnitTestClassExecutor.java:38)
	at org.gradle.api.internal.tasks.testing.junit.AbstractJUnitTestClassProcessor.processTestClass(AbstractJUnitTestClassProcessor.java:62)
	at org.gradle.api.internal.tasks.testing.SuiteTestClassProcessor.processTestClass(SuiteTestClassProcessor.java:51)
	at java.base/jdk.internal.reflect.NativeMethodAccessorImpl.invoke0(Native Method)
	at java.base/jdk.internal.reflect.NativeMethodAccessorImpl.invoke(NativeMethodAccessorImpl.java:64)
	at java.base/jdk.internal.reflect.DelegatingMethodAccessorImpl.invoke(DelegatingMethodAccessorImpl.java:43)
	at java.base/java.lang.reflect.Method.invoke(Method.java:564)
	at org.gradle.internal.dispatch.ReflectionDispatch.dispatch(ReflectionDispatch.java:36)
	at org.gradle.internal.dispatch.ReflectionDispatch.dispatch(ReflectionDispatch.java:24)
	at org.gradle.internal.dispatch.ContextClassLoaderDispatch.dispatch(ContextClassLoaderDispatch.java:33)
	at org.gradle.internal.dispatch.ProxyDispatchAdapter$DispatchingInvocationHandler.invoke(ProxyDispatchAdapter.java:94)
	at com.sun.proxy.$Proxy2.processTestClass(Unknown Source)
	at org.gradle.api.internal.tasks.testing.worker.TestWorker.processTestClass(TestWorker.java:121)
	at java.base/jdk.internal.reflect.NativeMethodAccessorImpl.invoke0(Native Method)
	at java.base/jdk.internal.reflect.NativeMethodAccessorImpl.invoke(NativeMethodAccessorImpl.java:64)
	at java.base/jdk.internal.reflect.DelegatingMethodAccessorImpl.invoke(DelegatingMethodAccessorImpl.java:43)
	at java.base/java.lang.reflect.Method.invoke(Method.java:564)
	at org.gradle.internal.dispatch.ReflectionDispatch.dispatch(ReflectionDispatch.java:36)
	at org.gradle.internal.dispatch.ReflectionDispatch.dispatch(ReflectionDispatch.java:24)
	at org.gradle.internal.remote.internal.hub.MessageHubBackedObjectConnection$DispatchWrapper.dispatch(MessageHubBackedObjectConnection.java:182)
	at org.gradle.internal.remote.internal.hub.MessageHubBackedObjectConnection$DispatchWrapper.dispatch(MessageHubBackedObjectConnection.java:164)
	at org.gradle.internal.remote.internal.hub.MessageHub$Handler.run(MessageHub.java:414)
	at org.gradle.internal.concurrent.ExecutorPolicy$CatchAndRecordFailures.onExecute(ExecutorPolicy.java:64)
	at org.gradle.internal.concurrent.ManagedExecutorImpl$1.run(ManagedExecutorImpl.java:48)
	at java.base/java.util.concurrent.ThreadPoolExecutor.runWorker(ThreadPoolExecutor.java:1130)
	at java.base/java.util.concurrent.ThreadPoolExecutor$Worker.run(ThreadPoolExecutor.java:630)
	at org.gradle.internal.concurrent.ThreadFactoryImpl$ManagedThreadRunnable.run(ThreadFactoryImpl.java:56)
	at java.base/java.lang.Thread.run(Thread.java:832)
</failure>
  </testcase>
  <system-out><![CDATA[Проверка версий драйвера
Версии хрома и дравйера совпадают
1646122055
[{"volume":689.924,"symbol":"BTCUSDT","period":"15","high":43266.5,"low":42970,"id":44151940,"close":43150.5,"startAt":1646091000,"open":43094.5},{"volume":740.625,"symbol":"BTCUSDT","period":"15","high":43279.5,"low":43102,"id":44155029,"close":43150.5,"startAt":1646091900,"open":43150.5},{"volume":1914.979,"symbol":"BTCUSDT","period":"15","high":43640.5,"low":43150,"id":44158751,"close":43363,"startAt":1646092800,"open":43150.5},{"volume":784.472,"symbol":"BTCUSDT","period":"15","high":43389.5,"low":43172.5,"id":44162302,"close":43371,"startAt":1646093700,"open":43363},{"volume":977.609,"symbol":"BTCUSDT","period":"15","high":43555.5,"low":43307,"id":44165459,"close":43515,"startAt":1646094600,"open":43371},{"volume":1423.551,"symbol":"BTCUSDT","period":"15","high":43740,"low":43330.5,"id":44168581,"close":43539,"startAt":1646095500,"open":43515},{"volume":757.276,"symbol":"BTCUSDT","period":"15","high":43618,"low":43270.5,"id":44171835,"close":43270.5,"startAt":1646096400,"open":43539},{"volume":626.539,"symbol":"BTCUSDT","period":"15","high":43373.5,"low":43214.5,"id":44174983,"close":43255.5,"startAt":1646097300,"open":43270.5},{"volume":511.285,"symbol":"BTCUSDT","period":"15","high":43409.5,"low":43255.5,"id":44178176,"close":43382.5,"startAt":1646098200,"open":43255.5},{"volume":363.95,"symbol":"BTCUSDT","period":"15","high":43383,"low":43228.5,"id":44181276,"close":43235,"startAt":1646099100,"open":43382.5},{"volume":819.32,"symbol":"BTCUSDT","period":"15","high":43260,"low":43055.5,"id":44184577,"close":43082,"startAt":1646100000,"open":43235},{"volume":959.463,"symbol":"BTCUSDT","period":"15","high":43200,"low":42980,"id":44187791,"close":43046.5,"startAt":1646100900,"open":43082},{"volume":511.24,"symbol":"BTCUSDT","period":"15","high":43107.5,"low":42990,"id":44190948,"close":43091.5,"startAt":1646101800,"open":43046.5},{"volume":252.321,"symbol":"BTCUSDT","period":"15","high":43159.5,"low":43066.5,"id":44194071,"close":43159.5,"startAt":1646102700,"open":43091.5},{"volume":435.133,"symbol":"BTCUSDT","period":"15","high":43159.5,"low":42955,"id":44197387,"close":42955,"startAt":1646103600,"open":43159.5},{"volume":795.223,"symbol":"BTCUSDT","period":"15","high":43054,"low":42850,"id":44200599,"close":43038.5,"startAt":1646104500,"open":42955},{"volume":306.48,"symbol":"BTCUSDT","period":"15","high":43078,"low":42980,"id":44203747,"close":43050,"startAt":1646105400,"open":43038.5},{"volume":414.153,"symbol":"BTCUSDT","period":"15","high":43155,"low":43049.5,"id":44206890,"close":43140,"startAt":1646106300,"open":43050},{"volume":556.383,"symbol":"BTCUSDT","period":"15","high":43271.5,"low":43081.5,"id":44210262,"close":43271.5,"startAt":1646107200,"open":43140},{"volume":506.245,"symbol":"BTCUSDT","period":"15","high":43271.5,"low":43122.5,"id":44213506,"close":43224,"startAt":1646108100,"open":43271.5},{"volume":263.433,"symbol":"BTCUSDT","period":"15","high":43275,"low":43184.5,"id":44216676,"close":43229.5,"startAt":1646109000,"open":43224},{"volume":623.305,"symbol":"BTCUSDT","period":"15","high":43380.5,"low":43229.5,"id":44219799,"close":43338.5,"startAt":1646109900,"open":43229.5},{"volume":433.452,"symbol":"BTCUSDT","period":"15","high":43397,"low":43233.5,"id":44223028,"close":43274,"startAt":1646110800,"open":43338.5},{"volume":423.573,"symbol":"BTCUSDT","period":"15","high":43274.5,"low":43164,"id":44226193,"close":43220.5,"startAt":1646111700,"open":43274},{"volume":233.712,"symbol":"BTCUSDT","period":"15","high":43221,"low":43151,"id":44229345,"close":43151,"startAt":1646112600,"open":43220.5},{"volume":189.878,"symbol":"BTCUSDT","period":"15","high":43237.5,"low":43132.5,"id":44232467,"close":43190.5,"startAt":1646113500,"open":43151},{"volume":641.289,"symbol":"BTCUSDT","period":"15","high":43190.5,"low":43055,"id":44235899,"close":43151.5,"startAt":1646114400,"open":43190.5},{"volume":598.201,"symbol":"BTCUSDT","period":"15","high":43334.5,"low":43151.5,"id":44239239,"close":43320.5,"startAt":1646115300,"open":43151.5},{"volume":848.444,"symbol":"BTCUSDT","period":"15","high":43458.5,"low":43250,"id":44242365,"close":43254.5,"startAt":1646116200,"open":43320.5},{"volume":816.373,"symbol":"BTCUSDT","period":"15","high":43492,"low":43254.5,"id":44245521,"close":43418.5,"startAt":1646117100,"open":43254.5},{"volume":880.359,"symbol":"BTCUSDT","period":"15","high":43547,"low":43415,"id":44248737,"close":43507,"startAt":1646118000,"open":43418.5},{"volume":518.47,"symbol":"BTCUSDT","period":"15","high":43507,"low":43336.5,"id":44251924,"close":43391.5,"startAt":1646118900,"open":43507},{"volume":355.618,"symbol":"BTCUSDT","period":"15","high":43417,"low":43282,"id":44255089,"close":43282.5,"startAt":1646119800,"open":43391.5},{"volume":391.744,"symbol":"BTCUSDT","period":"15","high":43475,"low":43282,"id":44258195,"close":43475,"startAt":1646120700,"open":43282.5},{"volume":146.397,"symbol":"BTCUSDT","period":"15","high":43507,"low":43466,"id":44261611,"close":43485.5,"startAt":1646121600,"open":43475}]
{"volume":146.397,"symbol":"BTCUSDT","period":"15","high":43507,"low":43466,"id":44261611,"close":43485.5,"startAt":1646121600,"open":43475}
{"volume":391.744,"symbol":"BTCUSDT","period":"15","high":43475,"low":43282,"id":44258195,"close":43475,"startAt":1646120700,"open":43282.5}
{"volume":355.618,"symbol":"BTCUSDT","period":"15","high":43417,"low":43282,"id":44255089,"close":43282.5,"startAt":1646119800,"open":43391.5}
{"volume":518.47,"symbol":"BTCUSDT","period":"15","high":43507,"low":43336.5,"id":44251924,"close":43391.5,"startAt":1646118900,"open":43507}
{"volume":880.359,"symbol":"BTCUSDT","period":"15","high":43547,"low":43415,"id":44248737,"close":43507,"startAt":1646118000,"open":43418.5}
{"volume":816.373,"symbol":"BTCUSDT","period":"15","high":43492,"low":43254.5,"id":44245521,"close":43418.5,"startAt":1646117100,"open":43254.5}
{"volume":848.444,"symbol":"BTCUSDT","period":"15","high":43458.5,"low":43250,"id":44242365,"close":43254.5,"startAt":1646116200,"open":43320.5}
{"volume":598.201,"symbol":"BTCUSDT","period":"15","high":43334.5,"low":43151.5,"id":44239239,"close":43320.5,"startAt":1646115300,"open":43151.5}
{"volume":641.289,"symbol":"BTCUSDT","period":"15","high":43190.5,"low":43055,"id":44235899,"close":43151.5,"startAt":1646114400,"open":43190.5}
{"volume":189.878,"symbol":"BTCUSDT","period":"15","high":43237.5,"low":43132.5,"id":44232467,"close":43190.5,"startAt":1646113500,"open":43151}
{"volume":233.712,"symbol":"BTCUSDT","period":"15","high":43221,"low":43151,"id":44229345,"close":43151,"startAt":1646112600,"open":43220.5}
{"volume":423.573,"symbol":"BTCUSDT","period":"15","high":43274.5,"low":43164,"id":44226193,"close":43220.5,"startAt":1646111700,"open":43274}
{"volume":433.452,"symbol":"BTCUSDT","period":"15","high":43397,"low":43233.5,"id":44223028,"close":43274,"startAt":1646110800,"open":43338.5}
{"volume":623.305,"symbol":"BTCUSDT","period":"15","high":43380.5,"low":43229.5,"id":44219799,"close":43338.5,"startAt":1646109900,"open":43229.5}
{"volume":263.433,"symbol":"BTCUSDT","period":"15","high":43275,"low":43184.5,"id":44216676,"close":43229.5,"startAt":1646109000,"open":43224}
{"volume":506.245,"symbol":"BTCUSDT","period":"15","high":43271.5,"low":43122.5,"id":44213506,"close":43224,"startAt":1646108100,"open":43271.5}
{"volume":556.383,"symbol":"BTCUSDT","period":"15","high":43271.5,"low":43081.5,"id":44210262,"close":43271.5,"startAt":1646107200,"open":43140}
{"volume":414.153,"symbol":"BTCUSDT","period":"15","high":43155,"low":43049.5,"id":44206890,"close":43140,"startAt":1646106300,"open":43050}
{"volume":306.48,"symbol":"BTCUSDT","period":"15","high":43078,"low":42980,"id":44203747,"close":43050,"startAt":1646105400,"open":43038.5}
{"volume":795.223,"symbol":"BTCUSDT","period":"15","high":43054,"low":42850,"id":44200599,"close":43038.5,"startAt":1646104500,"open":42955}
{"volume":435.133,"symbol":"BTCUSDT","period":"15","high":43159.5,"low":42955,"id":44197387,"close":42955,"startAt":1646103600,"open":43159.5}
{"volume":252.321,"symbol":"BTCUSDT","period":"15","high":43159.5,"low":43066.5,"id":44194071,"close":43159.5,"startAt":1646102700,"open":43091.5}
{"volume":511.24,"symbol":"BTCUSDT","period":"15","high":43107.5,"low":42990,"id":44190948,"close":43091.5,"startAt":1646101800,"open":43046.5}
{"volume":959.463,"symbol":"BTCUSDT","period":"15","high":43200,"low":42980,"id":44187791,"close":43046.5,"startAt":1646100900,"open":43082}
{"volume":819.32,"symbol":"BTCUSDT","period":"15","high":43260,"low":43055.5,"id":44184577,"close":43082,"startAt":1646100000,"open":43235}
{"volume":363.95,"symbol":"BTCUSDT","period":"15","high":43383,"low":43228.5,"id":44181276,"close":43235,"startAt":1646099100,"open":43382.5}
{"volume":511.285,"symbol":"BTCUSDT","period":"15","high":43409.5,"low":43255.5,"id":44178176,"close":43382.5,"startAt":1646098200,"open":43255.5}
{"volume":626.539,"symbol":"BTCUSDT","period":"15","high":43373.5,"low":43214.5,"id":44174983,"close":43255.5,"startAt":1646097300,"open":43270.5}
{"volume":757.276,"symbol":"BTCUSDT","period":"15","high":43618,"low":43270.5,"id":44171835,"close":43270.5,"startAt":1646096400,"open":43539}
{"volume":1423.551,"symbol":"BTCUSDT","period":"15","high":43740,"low":43330.5,"id":44168581,"close":43539,"startAt":1646095500,"open":43515}
{"volume":977.609,"symbol":"BTCUSDT","period":"15","high":43555.5,"low":43307,"id":44165459,"close":43515,"startAt":1646094600,"open":43371}
{"volume":784.472,"symbol":"BTCUSDT","period":"15","high":43389.5,"low":43172.5,"id":44162302,"close":43371,"startAt":1646093700,"open":43363}
{"volume":1914.979,"symbol":"BTCUSDT","period":"15","high":43640.5,"low":43150,"id":44158751,"close":43363,"startAt":1646092800,"open":43150.5}
{"volume":740.625,"symbol":"BTCUSDT","period":"15","high":43279.5,"low":43102,"id":44155029,"close":43150.5,"startAt":1646091900,"open":43150.5}
{"volume":689.924,"symbol":"BTCUSDT","period":"15","high":43266.5,"low":42970,"id":44151940,"close":43150.5,"startAt":1646091000,"open":43094.5}
43400.8
43247.529411764706
153.2705882352966
]]></system-out>
  <system-err><![CDATA[Starting ChromeDriver 98.0.4758.102 (273bf7ac8c909cde36982d27f66f3c70846a3718-refs/branch-heads/4758@{#1151}) on port 39332
Only local connections are allowed.
Please see https://chromedriver.chromium.org/security-considerations for suggestions on keeping ChromeDriver safe.
ChromeDriver was started successfully.
мар. 01, 2022 11:07:34 AM org.openqa.selenium.remote.ProtocolHandshake createSession
INFO: Detected dialect: W3C
]]></system-err>
</testsuite>
